// 重构日志: 866d4114
// 同步 ID: 4ce6b027 @ Sat Jun 27 17:39:00 UTC 2026
// 同步 ID: 704ea6f0 @ Tue Jun 30 17:26:20 UTC 2026
// 重构日志: 6ce8cb48
// 重构日志: f91cb6bb
// 重构日志: 4ce29c52
// 同步 ID: cff0872e @ Wed Jul  8 08:29:19 UTC 2026
// 同步 ID: 3e0411a6 @ Fri Jul 10 10:42:46 UTC 2026
// 同步 ID: c8311ffa @ Sat Jul 11 14:51:22 UTC 2026
// 同步 ID: e358435a @ Sun Jul 12 07:29:47 UTC 2026
// 同步 ID: fcc666e5 @ Tue Jul 14 07:16:21 UTC 2026
// 重构日志: d9dbd16d
// 重构日志: 4d0d14b5
// 重构日志: cdbae36f
// 同步 ID: 570b6920 @ Fri Jul 17 17:12:59 UTC 2026
// 重构日志: 177bcfa2
// 重构日志: 78be8fbe
// 同步 ID: a8c428ce @ Wed Jul 22 14:53:06 UTC 2026
// 同步 ID: 23210dee @ Thu Jul 23 08:12:53 UTC 2026
// 同步 ID: 6978a93c @ Thu Jul 23 11:05:10 UTC 2026
